<?xml version="1.0" encoding="UTF-8"?>
<!-- Generated by org.testng.reporters.JUnitXMLReporter -->
<testsuite ignored="0" hostname="LAPTOP-KH9I5DHB" failures="0" tests="7" name="Test" time="0.053" errors="0" timestamp="2025-07-08T13:59:00 IST">
  <testcase classname="testcases.AmazonSearchProductsTest" name="@BeforeTest setup" time="0.001">
    <failure type="java.lang.NullPointerException" message="Cannot invoke &amp;quot;String.equals(Object)&amp;quot; because &amp;quot;browsername&amp;quot; is null">
      <![CDATA[java.lang.NullPointerException: Cannot invoke "String.equals(Object)" because "browsername" is null
at com.ama.qa.base.TestBase.initialization(TestBase.java:52)
at testcases.AmazonSearchProductsTest.setup(AmazonSearchProductsTest.java:37)
... Removed 22 stack frames]]>
    </failure>
  </testcase> <!-- @BeforeTest setup -->
  <testcase classname="testcases.ShoppingCartTest" name="@BeforeTest setup" time="0.0">
    <skipped/>
  </testcase> <!-- @BeforeTest setup -->
  <testcase classname="testcases.AmazonSearchProductsTest" name="serachedProductPageOpened" time="0.0">
    <skipped/>
  </testcase> <!-- serachedProductPageOpened -->
  <testcase classname="testcases.AmazonSearchProductsTest" name="clickOnRequiredProduct" time="0.0">
    <skipped/>
  </testcase> <!-- clickOnRequiredProduct -->
  <testcase classname="testcases.ShoppingCartTest" name="SearchForAProduct" time="0.0">
    <skipped/>
  </testcase> <!-- SearchForAProduct -->
  <testcase classname="testcases.AmazonLoginTest" name="amazonLogin" time="0.0">
    <skipped/>
  </testcase> <!-- amazonLogin -->
  <testcase classname="com.ama.qa.pages.ShoppingCartPage" name="clickProceedToBuy" time="0.0">
    <skipped/>
  </testcase> <!-- clickProceedToBuy -->
  <testcase classname="testcases.AmazonProductDetailsTest" name="VerifyProductDetailsAndAddToCart" time="0.0">
    <skipped/>
  </testcase> <!-- VerifyProductDetailsAndAddToCart -->
  <testcase classname="testcases.AmazonProductCheckoutTest" name="useAddress" time="0.0">
    <skipped/>
  </testcase> <!-- useAddress -->
</testsuite> <!-- Test -->
